2025-04-06 15:26:37 - INFO - Adding new node None with URL: videos/peopleTest.m4v
2025-04-06 15:26:41 - INFO - Node 1 added with URL: videos/peopleTest.m4v
2025-04-08 13:35:37 - INFO - Adding new node None with URL: videos/peopleTest.m4v
2025-04-08 13:35:41 - INFO - Node None added with URL: videos/peopleTest.m4v
2025-04-08 14:15:03 - INFO - Adding new node None with URL: videos/peopleTest.m4v
2025-04-08 14:15:07 - INFO - Node None added with URL: videos/peopleTest.m4v
2025-04-08 14:15:35 - INFO - Adding new node None with URL: videos/peopleTest.m4v
2025-04-08 14:15:39 - INFO - Node None added with URL: videos/peopleTest.m4v
2025-04-08 14:15:39 - INFO - Adding new node None with URL: videos/ppl.mp4
2025-04-08 14:15:44 - INFO - Node None added with URL: videos/ppl.mp4
2025-04-08 14:15:44 - INFO - Adding new node None with URL: videos/ppl.mp4
2025-04-08 14:15:51 - INFO - Node None added with URL: videos/ppl.mp4
2025-04-08 14:15:59 - INFO - Updating node 1 with URL: videos/peopleTest.m4v
2025-04-08 14:15:59 - INFO - Updating node 3 with URL: videos/ppl.mp4
2025-04-08 18:21:02 - INFO - Adding new node None with URL: videos/peopleTest.m4v
2025-04-08 18:21:07 - INFO - Node None added with URL: videos/peopleTest.m4v
2025-04-08 18:21:24 - INFO - Updating node 1 with URL: videos/peopleTest.m4v
2025-04-08 18:21:24 - INFO - Adding new node None with URL: videos/ppl.mp4
2025-04-08 18:21:30 - INFO - Node None added with URL: videos/ppl.mp4
2025-04-08 18:22:05 - INFO - Updating node 1 with URL: videos/peopleTest.m4v
2025-04-08 18:23:58 - INFO - Adding new node None with URL: videos/peopleTest.m4v
2025-04-08 18:24:03 - INFO - Node None added with URL: videos/peopleTest.m4v
2025-04-08 18:24:03 - INFO - Adding new node None with URL: videos/ppl.mp4
2025-04-08 18:24:07 - INFO - Node None added with URL: videos/ppl.mp4
2025-04-08 18:27:13 - INFO - Adding new node None with URL: videos/peopleTest.m4v
2025-04-08 18:27:17 - INFO - Node None added with URL: videos/peopleTest.m4v
2025-04-08 18:29:52 - INFO - Adding new node None with URL: videos/ppl.mp4
2025-04-08 18:29:57 - INFO - Node 1 added with URL: videos/ppl.mp4
2025-04-08 18:30:29 - INFO - Updating node 1 with URL: videos/peopleTest.m4v
2025-04-08 18:30:33 - INFO - Node 1 added with URL: videos/peopleTest.m4v
2025-04-08 18:31:36 - INFO - Adding new node None with URL: videos/peopleTest.m4v
2025-04-08 18:31:39 - INFO - Node 1 added with URL: videos/peopleTest.m4v
2025-04-08 18:33:30 - INFO - Adding new node None with URL: videos/ppl.mp4
2025-04-08 18:33:32 - INFO - Node 1 added with URL: videos/ppl.mp4
2025-04-08 18:34:59 - INFO - Adding new node None with URL: videos/ppl.mp4
2025-04-08 18:35:01 - INFO - Node 1 added with URL: videos/ppl.mp4
2025-04-08 18:35:51 - INFO - Adding new node None with URL: videos/ppl.mp4
2025-04-08 18:35:53 - INFO - Node 1 added with URL: videos/ppl.mp4
2025-04-08 18:36:15 - INFO - Updating node 1 with URL: videos/peopleTest.m4v
2025-04-08 18:36:17 - INFO - Node 1 added with URL: videos/peopleTest.m4v
2025-04-08 18:46:17 - INFO - Adding new node None with URL: videos/peopleTest.m4v
2025-04-08 18:46:19 - INFO - Node 1 added with URL: videos/peopleTest.m4v
2025-04-08 18:49:33 - INFO - Adding new node None with URL: videos/peopleTest.m4v
2025-04-08 18:49:35 - INFO - Node 1 added with URL: videos/peopleTest.m4v
2025-04-08 18:50:49 - INFO - Adding new node None with URL: videos/peopleTest.m4v
2025-04-08 18:50:52 - INFO - Node 1 added with URL: videos/peopleTest.m4v
2025-04-08 18:54:25 - INFO - Adding new node None with URL: videos/peopleTest.m4v
2025-04-08 18:54:27 - INFO - Node 1 added with URL: videos/peopleTest.m4v
