2025-04-08 18:46:39 - INFO - StreetCam - Found: mark
2025-04-08 18:46:42 - INFO - StreetCam - Found: mark
2025-04-08 18:46:43 - INFO - StreetCam - Found: mark, jude
2025-04-08 18:46:44 - INFO - StreetCam - Found: jude, mark
2025-04-08 18:46:46 - INFO - StreetCam - Found: mark
2025-04-08 18:46:47 - INFO - StreetCam - Found: mark
2025-04-08 18:46:48 - INFO - StreetCam - Found: mark
2025-04-08 18:46:50 - INFO - StreetCam - Found: mark
2025-04-08 18:46:51 - INFO - StreetCam - Found: mark, brandon, jude
2025-04-08 18:46:52 - INFO - StreetCam - Found: brandon
2025-04-08 18:46:53 - INFO - StreetCam - Found: brandon
2025-04-08 18:46:54 - INFO - StreetCam - Found: brandon
2025-04-08 18:46:55 - INFO - StreetCam - Found: brandon
2025-04-08 18:46:56 - INFO - StreetCam - Found: brandon
2025-04-08 18:46:57 - INFO - StreetCam - Found: brandon
2025-04-08 18:46:59 - INFO - StreetCam - Found: mark, brandon
2025-04-08 18:47:00 - INFO - StreetCam - Found: brandon
2025-04-08 18:47:01 - INFO - StreetCam - Found: brandon
2025-04-08 18:47:03 - INFO - StreetCam - Found: brandon
2025-04-08 18:47:13 - WARNING - -----UNKNOWN INDIVIDUALS DETECTED ON StreetCam
2025-04-08 18:49:55 - INFO - StreetCam - Found: mark
2025-04-08 18:49:58 - INFO - StreetCam - Found: mark
2025-04-08 18:49:59 - INFO - StreetCam - Found: mark, jude
2025-04-08 18:50:00 - INFO - StreetCam - Found: mark
2025-04-08 18:50:01 - INFO - StreetCam - Found: mark
2025-04-08 18:50:02 - INFO - StreetCam - Found: mark
2025-04-08 18:50:03 - INFO - StreetCam - Found: mark
2025-04-08 18:50:05 - INFO - StreetCam - Found: mark
2025-04-08 18:50:07 - INFO - StreetCam - Found: mark, jude, brandon
2025-04-08 18:50:08 - INFO - StreetCam - Found: brandon
2025-04-08 18:50:09 - INFO - StreetCam - Found: brandon
2025-04-08 18:50:10 - INFO - StreetCam - Found: brandon
2025-04-08 18:50:11 - INFO - StreetCam - Found: brandon
2025-04-08 18:50:12 - INFO - StreetCam - Found: brandon
2025-04-08 18:51:12 - INFO - StreetCam - Found: mark
2025-04-08 18:51:16 - INFO - StreetCam - Found: jude
2025-04-08 18:51:23 - INFO - StreetCam - Found: jude, brandon
2025-04-08 18:51:31 - INFO - StreetCam - Found: mark
2025-04-08 18:51:46 - WARNING - -----UNKNOWN INDIVIDUALS DETECTED ON StreetCam
2025-04-08 18:54:48 - INFO - StreetCam - Found: mark
2025-04-08 18:54:51 - INFO - StreetCam - Found: jude
2025-04-08 18:54:59 - INFO - StreetCam - Found: brandon
2025-04-08 18:55:07 - INFO - StreetCam - Found: mark
2025-04-08 18:55:21 - WARNING - -----UNKNOWN INDIVIDUALS DETECTED ON StreetCam
